<?xml version="1.0" encoding="UTF-8"?>
<testsuite xmlns:xsi="http://www.w3.org/2001/XMLSchema-instance" xsi:noNamespaceSchemaLocation="https://maven.apache.org/surefire/maven-surefire-plugin/xsd/surefire-test-report-3.0.xsd" version="3.0" name="com.elvira.tests.HomePageTest" time="212.857" tests="6" errors="0" skipped="0" failures="0">
  <properties>
[...]
</properties>
  <testcase name="UserCanOpenDocsPage" classname="com.elvira.tests.HomePageTest" time="212.615">
    <system-err><![CDATA[SLF4J: Failed to load class "org.slf4j.impl.StaticLoggerBinder".
SLF4J: Defaulting to no-operation (NOP) logger implementation
SLF4J: See http://www.slf4j.org/codes.html#StaticLoggerBinder for further details.
]]></system-err>
  </testcase>
  <testcase name="userCanAddTodoItem" classname="com.elvira.tests.TodoTest" time="212.613"/>
  <testcase name="userCanCompleteTodo" classname="com.elvira.tests.TodoTest" time="212.612"/>
  <testcase name="userCanFilterCompletedTasks" classname="com.elvira.tests.TodoTest" time="212.613"/>
  <testcase name="userCanAddTodo" classname="com.elvira.tests.TodoTest" time="212.612"/>
  <testcase name="openPlaywrightSite" classname="com.elvira.PlaywrightTest" time="212.614"/>
</testsuite>